<?xml version="1.0" encoding="UTF-8"?>
<testng-results skipped="0" failed="0" ignored="0" total="1" passed="1">
  <reporter-output>
  </reporter-output>
  <suite name="Default suite" duration-ms="827" started-at="2018-04-06T22:18:17Z" finished-at="2018-04-06T22:18:18Z">
    <groups>
    </groups>
    <test name="Default test" duration-ms="827" started-at="2018-04-06T22:18:17Z" finished-at="2018-04-06T22:18:18Z">
      <class name="west.com.OxygenThree.testcases.DebugUtils">
        <test-method status="PASS" signature="beforeMethod()[pri:0, instance:west.com.OxygenThree.testcases.DebugUtils@1fdc050]" name="beforeMethod" is-config="true" duration-ms="234" started-at="2018-04-06T18:18:17Z" finished-at="2018-04-06T18:18:17Z">
          <reporter-output>
          </reporter-output>
        </test-method> <!-- beforeMethod -->
        <test-method status="PASS" signature="ExecuteDebugUtils()[pri:0, instance:west.com.OxygenThree.testcases.DebugUtils@1fdc050]" name="ExecuteDebugUtils" duration-ms="546" started-at="2018-04-06T18:18:17Z" finished-at="2018-04-06T18:18:18Z">
          <reporter-output>
          </reporter-output>
        </test-method> <!-- ExecuteDebugUtils -->
        <test-method status="PASS" signature="afterMethod()[pri:0, instance:west.com.OxygenThree.testcases.DebugUtils@1fdc050]" name="afterMethod" is-config="true" duration-ms="0" started-at="2018-04-06T18:18:18Z" finished-at="2018-04-06T18:18:18Z">
          <reporter-output>
          </reporter-output>
        </test-method> <!-- afterMethod -->
      </class> <!-- west.com.OxygenThree.testcases.DebugUtils -->
    </test> <!-- Default test -->
  </suite> <!-- Default suite -->
</testng-results>
